[2017-03-13 15:45:47] START
[2017-03-13 15:46:15] EDIT FreeSymp/models/db.py: 7
[2017-03-13 15:47:30] EDIT FreeSymp/controllers/default.py: 15
[2017-03-13 15:48:24] CREATE default/display_your_form.html: 0
[2017-03-13 15:48:36] EDIT FreeSymp/views/default/display_your_form.html: 11
[2017-03-13 15:58:01] EDIT FreeSymp/models/menu.py: -106
[2017-03-13 16:02:58] EDIT FreeSymp/controllers/default.py: 6
[2017-03-13 16:05:19] EDIT FreeSymp/models/menu.py: 0
[2017-03-13 16:08:00] EDIT FreeSymp/views/default/display_your_form.html: -4
[2017-03-13 16:10:05] EDIT FreeSymp/models/db.py: 2
[2017-03-13 16:10:46] EDIT FreeSymp/models/db.py: -2
[2017-03-13 16:11:35] EDIT FreeSymp/views/default/display_your_form.html: -1
[2017-03-13 16:14:38] EDIT FreeSymp/controllers/default.py: 0
[2017-03-13 16:16:11] EDIT FreeSymp/views/default/index.html: 0
[2017-03-13 16:17:12] DELETE FreeSymp/views/plugin_layouts/layouts/KeepitSimple.html: -55
[2017-03-13 16:19:53] EDIT FreeSymp/views/layout.html: -5
[2017-03-13 16:29:47] DELETE FreeSymp/views/plugin_layouts/layouts/Interlude.html: -463
[2017-03-13 16:39:14] EDIT FreeSymp/views/layout.html: 0
[2017-03-13 16:39:54] EDIT FreeSymp/views/layout.html: 0
[2017-03-13 16:40:34] EDIT FreeSymp/views/layout.html: 0
[2017-03-13 16:40:49] EDIT FreeSymp/views/layout.html: 0
[2017-03-13 16:42:10] EDIT FreeSymp/views/layout.html: 0
[2017-03-13 16:44:14] EDIT FreeSymp/views/layout.html: -234
[2017-03-13 16:48:33] EDIT FreeSymp/views/plugin_layouts/layouts/Boorish.html: -2
[2017-03-13 16:48:48] EDIT FreeSymp/views/plugin_layouts/layouts/Boorish.html: 0
[2017-03-13 16:51:34] EDIT FreeSymp/views/plugin_layouts/layouts/Boorish.html: 0
[2017-03-13 16:52:48] EDIT FreeSymp/views/plugin_layouts/layouts/Boorish.html: 1
[2017-03-13 16:53:04] EDIT FreeSymp/views/plugin_layouts/layouts/Boorish.html: 0
[2017-03-13 16:54:47] EDIT FreeSymp/views/plugin_layouts/layouts/Boorish.html: -3
[2017-03-13 16:55:02] EDIT FreeSymp/views/plugin_layouts/layouts/Boorish.html: 3
[2017-03-13 16:57:43] EDIT FreeSymp/views/layout.html: 10
[2017-03-13 16:59:59] EDIT FreeSymp/views/layout.html: 116
[2017-03-13 17:04:50] EDIT FreeSymp/static/css/bootstrap.min.css: -11
[2017-03-13 17:11:16] EDIT FreeSymp/views/default/index.html: 0
[2017-03-13 17:12:44] EDIT FreeSymp/views/default/index.html: 0
[2017-03-13 17:13:07] EDIT FreeSymp/views/default/index.html: 0
[2017-03-13 17:15:00] EDIT FreeSymp/views/default/index.html: 0
[2017-03-13 17:16:22] EDIT FreeSymp/views/default/index.html: 0
[2017-03-13 17:18:16] EDIT FreeSymp/views/default/index.html: 0
[2017-03-13 17:19:14] EDIT FreeSymp/views/default/index.html: 0
[2017-03-13 17:20:33] EDIT FreeSymp/models/menu.py: 0
[2017-03-13 17:20:49] EDIT FreeSymp/models/menu.py: 0
[2017-03-13 17:21:48] EDIT FreeSymp/models/menu.py: 0
[2017-03-13 17:23:49] UPLOAD /Users/soflysb/Downloads/web2py/web2py.app/Contents/Resources/applications/FreeSymp/static/images/background.jpg: 41400
[2017-03-13 17:24:26] DELETE FreeSymp/static/images/background.jpg: -41400
[2017-03-13 17:24:43] UPLOAD /Users/soflysb/Downloads/web2py/web2py.app/Contents/Resources/applications/FreeSymp/static/images/background.jpg: 41400
[2017-03-13 17:25:49] UPLOAD /Users/soflysb/Downloads/web2py/web2py.app/Contents/Resources/applications/FreeSymp/static/images/background2.jpg: 41400
[2017-03-13 17:43:30] DELETE FreeSymp/static/images/background.jpg: -41400
[2017-03-13 17:44:00] UPLOAD /Users/soflysb/Downloads/web2py/web2py.app/Contents/Resources/applications/FreeSymp/static/images/background.jpg: 41400
[2017-03-13 17:44:28] DELETE FreeSymp/static/images/background2.jpg: -41400
[2017-03-13 17:45:45] DELETE FreeSymp/static/images/background.jpg: -41400
[2017-03-13 17:49:55] UPLOAD /Users/soflysb/Downloads/web2py/web2py.app/Contents/Resources/applications/FreeSymp/static/images/background.jpg: 33820
[2017-03-13 17:50:46] DELETE FreeSymp/static/images/background.jpg: -33820
[2017-03-13 17:51:22] UPLOAD /Users/soflysb/Downloads/web2py/web2py.app/Contents/Resources/applications/FreeSymp/static/images/background.jpg: 13330
[2017-03-13 17:54:54] EDIT FreeSymp/views/default/index.html: 0
[2017-03-13 17:55:24] EDIT FreeSymp/views/default/index.html: 0
[2017-03-13 17:55:56] EDIT FreeSymp/views/default/index.html: -2
[2017-03-13 17:56:44] EDIT FreeSymp/views/default/index.html: -7
[2017-03-13 17:57:04] EDIT FreeSymp/views/default/index.html: 0
[2017-03-13 17:58:26] EDIT FreeSymp/views/default/index.html: 0
[2017-03-13 18:01:48] EDIT FreeSymp/views/default/index.html: -11
[2017-03-13 18:08:26] EDIT FreeSymp/controllers/default.py: 1
[2017-03-13 18:08:47] EDIT FreeSymp/controllers/default.py: 0
[2017-03-13 18:10:27] EDIT FreeSymp/controllers/default.py: 1
[2017-03-13 18:10:28] EDIT FreeSymp/controllers/default.py: 0
[2017-03-13 18:10:36] EDIT FreeSymp/controllers/default.py: 0
[2017-03-13 18:11:19] EDIT FreeSymp/controllers/default.py: 0
[2017-03-13 18:11:38] EDIT FreeSymp/controllers/default.py: 0
[2017-03-13 18:11:42] EDIT FreeSymp/controllers/default.py: 0
[2017-03-13 18:15:45] EDIT FreeSymp/models/menu.py: 2
[2017-03-13 18:15:57] EDIT FreeSymp/models/menu.py: 0
[2017-03-13 18:15:58] EDIT FreeSymp/models/menu.py: 0
[2017-03-13 18:16:31] EDIT FreeSymp/models/menu.py: 1
[2017-03-13 18:39:43] EDIT FreeSymp/controllers/appadmin.py: 3
[2017-03-13 20:31:09] EDIT FreeSymp/controllers/appadmin.py: 0
[2017-03-23 10:15:43] EDIT FreeSymp/models/db.py: 0
[2017-03-23 10:16:16] CREATE default/activities.html: 0
[2017-03-23 10:16:22] EDIT FreeSymp/views/default/activities.html: 6
[2017-03-23 10:16:41] CREATE default/all_records.html: 0
[2017-03-23 10:16:54] EDIT FreeSymp/views/default/all_records.html: 7
[2017-03-23 10:17:26] EDIT FreeSymp/views/default/display_your_form.html: 0
[2017-03-23 10:17:52] CREATE default/presenters.html: 0
[2017-03-23 10:17:57] EDIT FreeSymp/views/default/presenters.html: 6
[2017-03-23 10:18:20] CREATE default/program.html: 0
[2017-03-23 10:18:25] EDIT FreeSymp/views/default/program.html: 6
[2017-03-23 10:19:15] EDIT FreeSymp/controllers/default.py: 0
